<html>
<head>
<title>TestNG:  JobDone_Functionlity(failed)</title>
<link href="../testng.css" rel="stylesheet" type="text/css" />
<link href="../my-testng.css" rel="stylesheet" type="text/css" />

<style type="text/css">
.log { display: none;} 
.stack-trace { display: none;} 
</style>
<script type="text/javascript">
<!--
function flip(e) {
  current = e.style.display;
  if (current == 'block') {
    e.style.display = 'none';
    return 0;
  }
  else {
    e.style.display = 'block';
    return 1;
  }
}

function toggleBox(szDivId, elem, msg1, msg2)
{
  var res = -1;  if (document.getElementById) {
    res = flip(document.getElementById(szDivId));
  }
  else if (document.all) {
    // this is the way old msie versions work
    res = flip(document.all[szDivId]);
  }
  if(elem) {
    if(res == 0) elem.innerHTML = msg1; else elem.innerHTML = msg2;
  }

}

function toggleAllBoxes() {
  if (document.getElementsByTagName) {
    d = document.getElementsByTagName('div');
    for (i = 0; i < d.length; i++) {
      if (d[i].className == 'log') {
        flip(d[i]);
      }
    }
  }
}

// -->
</script>

</head>
<body>
<h2 align='center'>JobDone_Functionlity(failed)</h2><table border='1' align="center">
<tr>
<td>Tests passed/Failed/Skipped:</td><td>6/0/2</td>
</tr><tr>
<td>Started on:</td><td>Thu Jun 01 18:31:08 IST 2017</td>
</tr>
<tr><td>Total time:</td><td>536 seconds (536316 ms)</td>
</tr><tr>
<td>Included groups:</td><td></td>
</tr><tr>
<td>Excluded groups:</td><td></td>
</tr>
</table><p/>
<small><i>(Hover the method name to see the test class name)</i></small><p/>
<table width='100%' border='1' class='invocation-passed'>
<tr><td colspan='4' align='center'><b>PASSED TESTS</b></td></tr>
<tr><td><b>Test method</b></td>
<td width="30%"><b>Exception</b></td>
<td width="10%"><b>Time (seconds)</b></td>
<td><b>Instance</b></td>
</tr>
<tr>
<td title='testcases.A2_Jobdone_option1.JobDone1()'><b>JobDone1</b><br>Test class: testcases.A2_Jobdone_option1<br/>
<a href="#Output-1260440107" onClick='toggleBox("Output-1260440107", this, "Show output", "Hide output");'>Show output</a>

<a href="#Output-1260440107" onClick="toggleAllBoxes();">Show all outputs</a>
<div class='log' id="Output-1260440107">
Lead posted and thank you message is display<br/>
LCF to Dashboard navgation is succesful<br/>
Hired Option 1 Appointment fixed function is working fine<br/>
Job Done Option 1 Job done function is working fine<br/>
</div>
</td>
<td></td>
<td>64</td>
<td>testcases.A2_Jobdone_option1@4b40f651</td></tr>
<tr>
<td title='testcases.A2_Jobdone_option2.JobDone2()'><b>JobDone2</b><br>Test class: testcases.A2_Jobdone_option2<br/>
<a href="#Output-1734184086" onClick='toggleBox("Output-1734184086", this, "Show output", "Hide output");'>Show output</a>

<a href="#Output-1734184086" onClick="toggleAllBoxes();">Show all outputs</a>
<div class='log' id="Output-1734184086">
Lead posted and thank you message is display<br/>
LCF to Dashboard navgation is succesful<br/>
Hired Option 1 Appointment fixed function is working fine<br/>
Job Done Option 2 SP did not turn up function is working fine<br/>
</div>
</td>
<td></td>
<td>65</td>
<td>testcases.A2_Jobdone_option2@49964d75</td></tr>
<tr>
<td title='testcases.A2_Jobdone_option3.JobDone3()'><b>JobDone3</b><br>Test class: testcases.A2_Jobdone_option3<br/>
<a href="#Output-767436045" onClick='toggleBox("Output-767436045", this, "Show output", "Hide output");'>Show output</a>

<a href="#Output-767436045" onClick="toggleAllBoxes();">Show all outputs</a>
<div class='log' id="Output-767436045">
Lead posted and thank you message is display<br/>
LCF to Dashboard navgation is succesful<br/>
Hired Option 1 Appointment fixed function is working fine<br/>
Job Done Option 3 SI changed my mind function is working fine<br/>
</div>
</td>
<td></td>
<td>62</td>
<td>testcases.A2_Jobdone_option3@42b02722</td></tr>
<tr>
<td title='testcases.A2_Jobdone_option4.JobDone4()'><b>JobDone4</b><br>Test class: testcases.A2_Jobdone_option4<br/>
<a href="#Output-1160487387" onClick='toggleBox("Output-1160487387", this, "Show output", "Hide output");'>Show output</a>

<a href="#Output-1160487387" onClick="toggleAllBoxes();">Show all outputs</a>
<div class='log' id="Output-1160487387">
Lead posted and thank you message is display<br/>
LCF to Dashboard navgation is succesful<br/>
Hired Option 1 Appointment fixed function is working fine<br/>
Job Done Option 4 Others function is working fine<br/>
</div>
</td>
<td></td>
<td>58</td>
<td>testcases.A2_Jobdone_option4@528c868</td></tr>
<tr>
<td title='testcases.A3_UpdateStatus_option1.Update1()'><b>Update1</b><br>Test class: testcases.A3_UpdateStatus_option1<br/>
<a href="#Output-201274566" onClick='toggleBox("Output-201274566", this, "Show output", "Hide output");'>Show output</a>

<a href="#Output-201274566" onClick="toggleAllBoxes();">Show all outputs</a>
<div class='log' id="Output-201274566">
Lead posted and thank you message is display<br/>
LCF to Dashboard navgation is succesful<br/>
Update status Option 1 Appointment fixed function is working fine<br/>
</div>
</td>
<td></td>
<td>69</td>
<td>testcases.A3_UpdateStatus_option1@64a40280</td></tr>
<tr>
<td title='testcases.A1_Hired_option1_SA.hired1()'><b>hired1</b><br>Test class: testcases.A1_Hired_option1_SA<br/>
<a href="#Output-929706284" onClick='toggleBox("Output-929706284", this, "Show output", "Hide output");'>Show output</a>

<a href="#Output-929706284" onClick="toggleAllBoxes();">Show all outputs</a>
<div class='log' id="Output-929706284">
Lead posted and thank you message is display<br/>
LCF to Dashboard navgation is succesful<br/>
Hired Option 1 Appointment fixed with share address function is working fine<br/>
</div>
</td>
<td></td>
<td>51</td>
<td>testcases.A1_Hired_option1_SA@d62fe5b</td></tr>
</table><p>
<table width='100%' border='1' class='invocation-skipped'>
<tr><td colspan='4' align='center'><b>SKIPPED TESTS</b></td></tr>
<tr><td><b>Test method</b></td>
<td width="30%"><b>Exception</b></td>
<td width="10%"><b>Time (seconds)</b></td>
<td><b>Instance</b></td>
</tr>
<tr>
<td title='testcases.A2_Jobdone_option3.JobDone3()'><b>JobDone3</b><br>Test class: testcases.A2_Jobdone_option3<br/>
<a href="#Output-1086849943" onClick='toggleBox("Output-1086849943", this, "Show output", "Hide output");'>Show output</a>

<a href="#Output-1086849943" onClick="toggleAllBoxes();">Show all outputs</a>
<div class='log' id="Output-1086849943">
Lead posted and thank you message is display<br/>
LCF to Dashboard navgation is succesful<br/>
Hired Option 1 Appointment fixed function is working fine<br/>
</div>
</td>
<td><div><pre>org.openqa.selenium.NoSuchElementException: no such element: Unable to locate element: {&quot;method&quot;:&quot;xpath&quot;,&quot;selector&quot;:&quot;//span[@class=&apos;label cancelled ng-binding ng-scope&apos;]&quot;}
  (Session info: chrome=58.0.3029.110)
  (Driver info: chromedriver=2.29.461591 (62ebf098771772160f391d75e589dc567915b233),platform=Windows NT 10.0.10586 x86_64) (WARNING: The server did not provide any stacktrace information)
Command duration or timeout: 15.06 seconds
For documentation on this error, please visit: http://seleniumhq.org/exceptions/no_such_element.html
Build info: version: &apos;2.53.0&apos;, revision: &apos;35ae25b&apos;, time: &apos;2016-03-15 16:57:40&apos;
System info: host: &apos;AIO-2107&apos;, ip: &apos;192.168.1.105&apos;, os.name: &apos;Windows 10&apos;, os.arch: &apos;amd64&apos;, os.version: &apos;10.0&apos;, java.version: &apos;1.8.0_131&apos;
Driver info: org.openqa.selenium.chrome.ChromeDriver
Capabilities [{applicationCacheEnabled=false, rotatable=false, mobileEmulationEnabled=false, networkConnectionEnabled=false, chrome={chromedriverVersion=2.29.461591 (62ebf098771772160f391d75e589dc567915b233), userDataDir=C:\WINDOWS\TEMP\scoped_dir13492_29144}, takesHeapSnapshot=true, pageLoadStrategy=normal, databaseEnabled=false, handlesAlerts=true, hasTouchScreen=false, version=58.0.3029.110, platform=XP, browserConnectionEnabled=false, nativeEvents=true, acceptSslCerts=true, locationContextEnabled=true, webStorageEnabled=true, browserName=chrome, takesScreenshot=true, javascriptEnabled=true, cssSelectorsEnabled=true, unexpectedAlertBehaviour=}]
Session ID: b81e081df2706ccd5885fbb00dd19073
*** Element info: {Using=xpath, value=//span[@class=&apos;label cancelled ng-binding ng-scope&apos;]}
	at org.openqa.selenium.remote.ErrorHandler.createThrowable(ErrorHandler.java:206)
	at org.openqa.selenium.remote.ErrorHandler.throwIfResponseFailed(ErrorHandler.java:158)
	at org.openqa.selenium.remote.RemoteWebDriver.execute(RemoteWebDriver.java:678)
	at org.openqa.selenium.remote.RemoteWebDriver.findElement(RemoteWebDriver.java:363)
	at org.openqa.selenium.remote.RemoteWebDriver.findElementByXPath(RemoteWebDriver.java:500)
	at org.openqa.selenium.By$ByXPath.findElement(By.java:361)
	at org.openqa.selenium.remote.RemoteWebDriver.findElement(RemoteWebDriver.java:355)
	at testcases.A2_Jobdone_option3$1.apply(A2_Jobdone_option3.java:69)
	at testcases.A2_Jobdone_option3$1.apply(A2_Jobdone_option3.java:1)
	at org.openqa.selenium.support.ui.FluentWait.until(FluentWait.java:238)
	at testcases.A2_Jobdone_option3.JobDone3(A2_Jobdone_option3.java:64)
	at runner.Rerunfailcase.retestfailcase(Rerunfailcase.java:22)
... Removed 48 stack frames</pre></div><a href='#' onClick='toggleBox("stack-trace1086849943", this, "Click to show all stack frames", "Click to hide stack frames")'>Click to show all stack frames</a>
<div class='stack-trace' id='stack-trace1086849943'><pre>org.openqa.selenium.NoSuchElementException: no such element: Unable to locate element: {&quot;method&quot;:&quot;xpath&quot;,&quot;selector&quot;:&quot;//span[@class=&apos;label cancelled ng-binding ng-scope&apos;]&quot;}
  (Session info: chrome=58.0.3029.110)
  (Driver info: chromedriver=2.29.461591 (62ebf098771772160f391d75e589dc567915b233),platform=Windows NT 10.0.10586 x86_64) (WARNING: The server did not provide any stacktrace information)
Command duration or timeout: 15.06 seconds
For documentation on this error, please visit: http://seleniumhq.org/exceptions/no_such_element.html
Build info: version: &apos;2.53.0&apos;, revision: &apos;35ae25b&apos;, time: &apos;2016-03-15 16:57:40&apos;
System info: host: &apos;AIO-2107&apos;, ip: &apos;192.168.1.105&apos;, os.name: &apos;Windows 10&apos;, os.arch: &apos;amd64&apos;, os.version: &apos;10.0&apos;, java.version: &apos;1.8.0_131&apos;
Driver info: org.openqa.selenium.chrome.ChromeDriver
Capabilities [{applicationCacheEnabled=false, rotatable=false, mobileEmulationEnabled=false, networkConnectionEnabled=false, chrome={chromedriverVersion=2.29.461591 (62ebf098771772160f391d75e589dc567915b233), userDataDir=C:\WINDOWS\TEMP\scoped_dir13492_29144}, takesHeapSnapshot=true, pageLoadStrategy=normal, databaseEnabled=false, handlesAlerts=true, hasTouchScreen=false, version=58.0.3029.110, platform=XP, browserConnectionEnabled=false, nativeEvents=true, acceptSslCerts=true, locationContextEnabled=true, webStorageEnabled=true, browserName=chrome, takesScreenshot=true, javascriptEnabled=true, cssSelectorsEnabled=true, unexpectedAlertBehaviour=}]
Session ID: b81e081df2706ccd5885fbb00dd19073
*** Element info: {Using=xpath, value=//span[@class=&apos;label cancelled ng-binding ng-scope&apos;]}
	at sun.reflect.NativeConstructorAccessorImpl.newInstance0(Native Method)
	at sun.reflect.NativeConstructorAccessorImpl.newInstance(NativeConstructorAccessorImpl.java:62)
	at sun.reflect.DelegatingConstructorAccessorImpl.newInstance(DelegatingConstructorAccessorImpl.java:45)
	at java.lang.reflect.Constructor.newInstance(Constructor.java:423)
	at org.openqa.selenium.remote.ErrorHandler.createThrowable(ErrorHandler.java:206)
	at org.openqa.selenium.remote.ErrorHandler.throwIfResponseFailed(ErrorHandler.java:158)
	at org.openqa.selenium.remote.RemoteWebDriver.execute(RemoteWebDriver.java:678)
	at org.openqa.selenium.remote.RemoteWebDriver.findElement(RemoteWebDriver.java:363)
	at org.openqa.selenium.remote.RemoteWebDriver.findElementByXPath(RemoteWebDriver.java:500)
	at org.openqa.selenium.By$ByXPath.findElement(By.java:361)
	at org.openqa.selenium.remote.RemoteWebDriver.findElement(RemoteWebDriver.java:355)
	at testcases.A2_Jobdone_option3$1.apply(A2_Jobdone_option3.java:69)
	at testcases.A2_Jobdone_option3$1.apply(A2_Jobdone_option3.java:1)
	at org.openqa.selenium.support.ui.FluentWait.until(FluentWait.java:238)
	at testcases.A2_Jobdone_option3.JobDone3(A2_Jobdone_option3.java:64)
	at sun.reflect.NativeMethodAccessorImpl.invoke0(Native Method)
	at sun.reflect.NativeMethodAccessorImpl.invoke(NativeMethodAccessorImpl.java:62)
	at sun.reflect.DelegatingMethodAccessorImpl.invoke(DelegatingMethodAccessorImpl.java:43)
	at java.lang.reflect.Method.invoke(Method.java:498)
	at org.testng.internal.MethodInvocationHelper.invokeMethod(MethodInvocationHelper.java:85)
	at org.testng.internal.Invoker.invokeMethod(Invoker.java:639)
	at org.testng.internal.Invoker.invokeTestMethod(Invoker.java:816)
	at org.testng.internal.Invoker.invokeTestMethods(Invoker.java:1124)
	at org.testng.internal.TestMethodWorker.invokeTestMethods(TestMethodWorker.java:125)
	at org.testng.internal.TestMethodWorker.run(TestMethodWorker.java:108)
	at org.testng.TestRunner.privateRun(TestRunner.java:774)
	at org.testng.TestRunner.run(TestRunner.java:624)
	at org.testng.SuiteRunner.runTest(SuiteRunner.java:359)
	at org.testng.SuiteRunner.runSequentially(SuiteRunner.java:354)
	at org.testng.SuiteRunner.privateRun(SuiteRunner.java:312)
	at org.testng.SuiteRunner.run(SuiteRunner.java:261)
	at org.testng.SuiteRunnerWorker.runSuite(SuiteRunnerWorker.java:52)
	at org.testng.SuiteRunnerWorker.run(SuiteRunnerWorker.java:86)
	at org.testng.TestNG.runSuitesSequentially(TestNG.java:1215)
	at org.testng.TestNG.runSuitesLocally(TestNG.java:1140)
	at org.testng.TestNG.run(TestNG.java:1048)
	at runner.Rerunfailcase.retestfailcase(Rerunfailcase.java:22)
	at sun.reflect.NativeMethodAccessorImpl.invoke0(Native Method)
	at sun.reflect.NativeMethodAccessorImpl.invoke(NativeMethodAccessorImpl.java:62)
	at sun.reflect.DelegatingMethodAccessorImpl.invoke(DelegatingMethodAccessorImpl.java:43)
	at java.lang.reflect.Method.invoke(Method.java:498)
	at org.testng.internal.MethodInvocationHelper.invokeMethod(MethodInvocationHelper.java:85)
	at org.testng.internal.Invoker.invokeMethod(Invoker.java:639)
	at org.testng.internal.Invoker.invokeTestMethod(Invoker.java:816)
	at org.testng.internal.Invoker.invokeTestMethods(Invoker.java:1124)
	at org.testng.internal.TestMethodWorker.invokeTestMethods(TestMethodWorker.java:125)
	at org.testng.internal.TestMethodWorker.run(TestMethodWorker.java:108)
	at org.testng.TestRunner.privateRun(TestRunner.java:774)
	at org.testng.TestRunner.run(TestRunner.java:624)
	at org.testng.SuiteRunner.runTest(SuiteRunner.java:359)
	at org.testng.SuiteRunner.runSequentially(SuiteRunner.java:354)
	at org.testng.SuiteRunner.privateRun(SuiteRunner.java:312)
	at org.testng.SuiteRunner.run(SuiteRunner.java:261)
	at org.testng.SuiteRunnerWorker.runSuite(SuiteRunnerWorker.java:52)
	at org.testng.SuiteRunnerWorker.run(SuiteRunnerWorker.java:86)
	at org.testng.TestNG.runSuitesSequentially(TestNG.java:1215)
	at org.testng.TestNG.runSuitesLocally(TestNG.java:1140)
	at org.testng.TestNG.run(TestNG.java:1048)
	at org.testng.TestNG.privateMain(TestNG.java:1355)
	at org.testng.TestNG.main(TestNG.java:1324)
</pre></div></td>
<td>95</td>
<td>testcases.A2_Jobdone_option3@42b02722</td></tr>
<tr>
<td title='testcases.A3_UpdateStatus_option1.Update1()'><b>Update1</b><br>Test class: testcases.A3_UpdateStatus_option1<br/>
<a href="#Output-1454026445" onClick='toggleBox("Output-1454026445", this, "Show output", "Hide output");'>Show output</a>

<a href="#Output-1454026445" onClick="toggleAllBoxes();">Show all outputs</a>
<div class='log' id="Output-1454026445">
Lead posted and thank you message is display<br/>
LCF to Dashboard navgation is succesful<br/>
</div>
</td>
<td><div><pre>org.openqa.selenium.TimeoutException: Timed out after 25 seconds waiting for visibility of element located by By.xpath: //a[text()=&apos;Matched Experts&apos;]/following::button[1]
Build info: version: &apos;2.53.0&apos;, revision: &apos;35ae25b&apos;, time: &apos;2016-03-15 16:57:40&apos;
System info: host: &apos;AIO-2107&apos;, ip: &apos;192.168.1.105&apos;, os.name: &apos;Windows 10&apos;, os.arch: &apos;amd64&apos;, os.version: &apos;10.0&apos;, java.version: &apos;1.8.0_131&apos;
Driver info: org.openqa.selenium.chrome.ChromeDriver
Capabilities [{applicationCacheEnabled=false, rotatable=false, mobileEmulationEnabled=false, networkConnectionEnabled=false, chrome={chromedriverVersion=2.29.461591 (62ebf098771772160f391d75e589dc567915b233), userDataDir=C:\WINDOWS\TEMP\scoped_dir9988_22221}, takesHeapSnapshot=true, pageLoadStrategy=normal, databaseEnabled=false, handlesAlerts=true, hasTouchScreen=false, version=58.0.3029.110, platform=XP, browserConnectionEnabled=false, nativeEvents=true, acceptSslCerts=true, locationContextEnabled=true, webStorageEnabled=true, browserName=chrome, takesScreenshot=true, javascriptEnabled=true, cssSelectorsEnabled=true, unexpectedAlertBehaviour=}]
Session ID: 12a41078c0c716cd944874f3286afaf6
	at org.openqa.selenium.support.ui.WebDriverWait.timeoutException(WebDriverWait.java:80)
	at org.openqa.selenium.support.ui.FluentWait.until(FluentWait.java:261)
	at testcases.A3_UpdateStatus_option1.Update1(A3_UpdateStatus_option1.java:40)
	at runner.Rerunfailcase.retestfailcase(Rerunfailcase.java:22)
... Removed 44 stack frames</pre></div><a href='#' onClick='toggleBox("stack-trace1454026445", this, "Click to show all stack frames", "Click to hide stack frames")'>Click to show all stack frames</a>
<div class='stack-trace' id='stack-trace1454026445'><pre>org.openqa.selenium.TimeoutException: Timed out after 25 seconds waiting for visibility of element located by By.xpath: //a[text()=&apos;Matched Experts&apos;]/following::button[1]
Build info: version: &apos;2.53.0&apos;, revision: &apos;35ae25b&apos;, time: &apos;2016-03-15 16:57:40&apos;
System info: host: &apos;AIO-2107&apos;, ip: &apos;192.168.1.105&apos;, os.name: &apos;Windows 10&apos;, os.arch: &apos;amd64&apos;, os.version: &apos;10.0&apos;, java.version: &apos;1.8.0_131&apos;
Driver info: org.openqa.selenium.chrome.ChromeDriver
Capabilities [{applicationCacheEnabled=false, rotatable=false, mobileEmulationEnabled=false, networkConnectionEnabled=false, chrome={chromedriverVersion=2.29.461591 (62ebf098771772160f391d75e589dc567915b233), userDataDir=C:\WINDOWS\TEMP\scoped_dir9988_22221}, takesHeapSnapshot=true, pageLoadStrategy=normal, databaseEnabled=false, handlesAlerts=true, hasTouchScreen=false, version=58.0.3029.110, platform=XP, browserConnectionEnabled=false, nativeEvents=true, acceptSslCerts=true, locationContextEnabled=true, webStorageEnabled=true, browserName=chrome, takesScreenshot=true, javascriptEnabled=true, cssSelectorsEnabled=true, unexpectedAlertBehaviour=}]
Session ID: 12a41078c0c716cd944874f3286afaf6
	at org.openqa.selenium.support.ui.WebDriverWait.timeoutException(WebDriverWait.java:80)
	at org.openqa.selenium.support.ui.FluentWait.until(FluentWait.java:261)
	at testcases.A3_UpdateStatus_option1.Update1(A3_UpdateStatus_option1.java:40)
	at sun.reflect.NativeMethodAccessorImpl.invoke0(Native Method)
	at sun.reflect.NativeMethodAccessorImpl.invoke(NativeMethodAccessorImpl.java:62)
	at sun.reflect.DelegatingMethodAccessorImpl.invoke(DelegatingMethodAccessorImpl.java:43)
	at java.lang.reflect.Method.invoke(Method.java:498)
	at org.testng.internal.MethodInvocationHelper.invokeMethod(MethodInvocationHelper.java:85)
	at org.testng.internal.Invoker.invokeMethod(Invoker.java:639)
	at org.testng.internal.Invoker.invokeTestMethod(Invoker.java:816)
	at org.testng.internal.Invoker.invokeTestMethods(Invoker.java:1124)
	at org.testng.internal.TestMethodWorker.invokeTestMethods(TestMethodWorker.java:125)
	at org.testng.internal.TestMethodWorker.run(TestMethodWorker.java:108)
	at org.testng.TestRunner.privateRun(TestRunner.java:774)
	at org.testng.TestRunner.run(TestRunner.java:624)
	at org.testng.SuiteRunner.runTest(SuiteRunner.java:359)
	at org.testng.SuiteRunner.runSequentially(SuiteRunner.java:354)
	at org.testng.SuiteRunner.privateRun(SuiteRunner.java:312)
	at org.testng.SuiteRunner.run(SuiteRunner.java:261)
	at org.testng.SuiteRunnerWorker.runSuite(SuiteRunnerWorker.java:52)
	at org.testng.SuiteRunnerWorker.run(SuiteRunnerWorker.java:86)
	at org.testng.TestNG.runSuitesSequentially(TestNG.java:1215)
	at org.testng.TestNG.runSuitesLocally(TestNG.java:1140)
	at org.testng.TestNG.run(TestNG.java:1048)
	at runner.Rerunfailcase.retestfailcase(Rerunfailcase.java:22)
	at sun.reflect.NativeMethodAccessorImpl.invoke0(Native Method)
	at sun.reflect.NativeMethodAccessorImpl.invoke(NativeMethodAccessorImpl.java:62)
	at sun.reflect.DelegatingMethodAccessorImpl.invoke(DelegatingMethodAccessorImpl.java:43)
	at java.lang.reflect.Method.invoke(Method.java:498)
	at org.testng.internal.MethodInvocationHelper.invokeMethod(MethodInvocationHelper.java:85)
	at org.testng.internal.Invoker.invokeMethod(Invoker.java:639)
	at org.testng.internal.Invoker.invokeTestMethod(Invoker.java:816)
	at org.testng.internal.Invoker.invokeTestMethods(Invoker.java:1124)
	at org.testng.internal.TestMethodWorker.invokeTestMethods(TestMethodWorker.java:125)
	at org.testng.internal.TestMethodWorker.run(TestMethodWorker.java:108)
	at org.testng.TestRunner.privateRun(TestRunner.java:774)
	at org.testng.TestRunner.run(TestRunner.java:624)
	at org.testng.SuiteRunner.runTest(SuiteRunner.java:359)
	at org.testng.SuiteRunner.runSequentially(SuiteRunner.java:354)
	at org.testng.SuiteRunner.privateRun(SuiteRunner.java:312)
	at org.testng.SuiteRunner.run(SuiteRunner.java:261)
	at org.testng.SuiteRunnerWorker.runSuite(SuiteRunnerWorker.java:52)
	at org.testng.SuiteRunnerWorker.run(SuiteRunnerWorker.java:86)
	at org.testng.TestNG.runSuitesSequentially(TestNG.java:1215)
	at org.testng.TestNG.runSuitesLocally(TestNG.java:1140)
	at org.testng.TestNG.run(TestNG.java:1048)
	at org.testng.TestNG.privateMain(TestNG.java:1355)
	at org.testng.TestNG.main(TestNG.java:1324)
</pre></div></td>
<td>50</td>
<td>testcases.A3_UpdateStatus_option1@64a40280</td></tr>
</table><p>
</body>
</html>