<html>
<head>
<title>TestNG:  UpdateStatus_Functionlity(failed)</title>
<link href="../testng.css" rel="stylesheet" type="text/css" />
<link href="../my-testng.css" rel="stylesheet" type="text/css" />

<style type="text/css">
.log { display: none;} 
.stack-trace { display: none;} 
</style>
<script type="text/javascript">
<!--
function flip(e) {
  current = e.style.display;
  if (current == 'block') {
    e.style.display = 'none';
    return 0;
  }
  else {
    e.style.display = 'block';
    return 1;
  }
}

function toggleBox(szDivId, elem, msg1, msg2)
{
  var res = -1;  if (document.getElementById) {
    res = flip(document.getElementById(szDivId));
  }
  else if (document.all) {
    // this is the way old msie versions work
    res = flip(document.all[szDivId]);
  }
  if(elem) {
    if(res == 0) elem.innerHTML = msg1; else elem.innerHTML = msg2;
  }

}

function toggleAllBoxes() {
  if (document.getElementsByTagName) {
    d = document.getElementsByTagName('div');
    for (i = 0; i < d.length; i++) {
      if (d[i].className == 'log') {
        flip(d[i]);
      }
    }
  }
}

// -->
</script>

</head>
<body>
<h2 align='center'>UpdateStatus_Functionlity(failed)</h2><table border='1' align="center">
<tr>
<td>Tests passed/Failed/Skipped:</td><td>7/0/2</td>
</tr><tr>
<td>Started on:</td><td>Thu Jun 01 18:40:05 IST 2017</td>
</tr>
<tr><td>Total time:</td><td>488 seconds (488121 ms)</td>
</tr><tr>
<td>Included groups:</td><td></td>
</tr><tr>
<td>Excluded groups:</td><td></td>
</tr>
</table><p/>
<small><i>(Hover the method name to see the test class name)</i></small><p/>
<table width='100%' border='1' class='invocation-passed'>
<tr><td colspan='4' align='center'><b>PASSED TESTS</b></td></tr>
<tr><td><b>Test method</b></td>
<td width="30%"><b>Exception</b></td>
<td width="10%"><b>Time (seconds)</b></td>
<td><b>Instance</b></td>
</tr>
<tr>
<td title='testcases.A2_Jobdone_option1.JobDone1()'><b>JobDone1</b><br>Test class: testcases.A2_Jobdone_option1<br/>
<a href="#Output-606593028" onClick='toggleBox("Output-606593028", this, "Show output", "Hide output");'>Show output</a>

<a href="#Output-606593028" onClick="toggleAllBoxes();">Show all outputs</a>
<div class='log' id="Output-606593028">
Lead posted and thank you message is display<br/>
LCF to Dashboard navgation is succesful<br/>
Hired Option 1 Appointment fixed function is working fine<br/>
Job Done Option 1 Job done function is working fine<br/>
</div>
</td>
<td></td>
<td>82</td>
<td>testcases.A2_Jobdone_option1@24ba9639</td></tr>
<tr>
<td title='testcases.A3_UpdateStatus_option1.Update1()'><b>Update1</b><br>Test class: testcases.A3_UpdateStatus_option1<br/>
<a href="#Output-1780293706" onClick='toggleBox("Output-1780293706", this, "Show output", "Hide output");'>Show output</a>

<a href="#Output-1780293706" onClick="toggleAllBoxes();">Show all outputs</a>
<div class='log' id="Output-1780293706">
Lead posted and thank you message is display<br/>
LCF to Dashboard navgation is succesful<br/>
Update status Option 1 Appointment fixed function is working fine<br/>
</div>
</td>
<td></td>
<td>37</td>
<td>testcases.A3_UpdateStatus_option1@2b76ff4e</td></tr>
<tr>
<td title='testcases.A3_UpdateStatus_option2.Update2()'><b>Update2</b><br>Test class: testcases.A3_UpdateStatus_option2<br/>
<a href="#Output-1015799131" onClick='toggleBox("Output-1015799131", this, "Show output", "Hide output");'>Show output</a>

<a href="#Output-1015799131" onClick="toggleAllBoxes();">Show all outputs</a>
<div class='log' id="Output-1015799131">
Lead posted and thank you message is display<br/>
LCF to Dashboard navgation is succesful<br/>
Update status Option 2 Job done function is working fine<br/>
</div>
</td>
<td></td>
<td>32</td>
<td>testcases.A3_UpdateStatus_option2@38aa816f</td></tr>
<tr>
<td title='testcases.A3_UpdateStatus_option3rdn4th.Update3n4()'><b>Update3n4</b><br>Test class: testcases.A3_UpdateStatus_option3rdn4th<br/>
<a href="#Output-1340051218" onClick='toggleBox("Output-1340051218", this, "Show output", "Hide output");'>Show output</a>

<a href="#Output-1340051218" onClick="toggleAllBoxes();">Show all outputs</a>
<div class='log' id="Output-1340051218">
Lead posted and thank you message is display<br/>
LCF to Dashboard navgation is succesful<br/>
Update status Option 3 Not received calls function is working fine : true<br/>
Update status Option 4 More quote function is working fine<br/>
</div>
</td>
<td></td>
<td>41</td>
<td>testcases.A3_UpdateStatus_option3rdn4th@6bffbc6d</td></tr>
<tr>
<td title='testcases.A3_UpdateStatus_option5.Update5()'><b>Update5</b><br>Test class: testcases.A3_UpdateStatus_option5<br/>
<a href="#Output-26357357" onClick='toggleBox("Output-26357357", this, "Show output", "Hide output");'>Show output</a>

<a href="#Output-26357357" onClick="toggleAllBoxes();">Show all outputs</a>
<div class='log' id="Output-26357357">
Lead posted and thank you message is display<br/>
LCF to Dashboard navgation is succesful<br/>
Update status Option 5 Postpond need function is working fine<br/>
</div>
</td>
<td></td>
<td>40</td>
<td>testcases.A3_UpdateStatus_option5@7a1234bf</td></tr>
<tr>
<td title='testcases.A3_UpdateStatus_option6thn7th.Update7n6()'><b>Update7n6</b><br>Test class: testcases.A3_UpdateStatus_option6thn7th<br/>
<a href="#Output-1029898472" onClick='toggleBox("Output-1029898472", this, "Show output", "Hide output");'>Show output</a>

<a href="#Output-1029898472" onClick="toggleAllBoxes();">Show all outputs</a>
<div class='log' id="Output-1029898472">
Lead posted and thank you message is display<br/>
LCF to Dashboard navgation is succesful<br/>
Update status Option 7 Other function is working fine<br/>
Update status Option 6 User cancel need function is working fine<br/>
</div>
</td>
<td></td>
<td>65</td>
<td>testcases.A3_UpdateStatus_option6thn7th@2f62ea70</td></tr>
<tr>
<td title='testcases.A1_Hired_option1_SA.hired1()'><b>hired1</b><br>Test class: testcases.A1_Hired_option1_SA<br/>
<a href="#Output-1132369181" onClick='toggleBox("Output-1132369181", this, "Show output", "Hide output");'>Show output</a>

<a href="#Output-1132369181" onClick="toggleAllBoxes();">Show all outputs</a>
<div class='log' id="Output-1132369181">
Lead posted and thank you message is display<br/>
LCF to Dashboard navgation is succesful<br/>
Hired Option 1 Appointment fixed with share address function is working fine<br/>
</div>
</td>
<td></td>
<td>56</td>
<td>testcases.A1_Hired_option1_SA@53f6fd09</td></tr>
</table><p>
<table width='100%' border='1' class='invocation-skipped'>
<tr><td colspan='4' align='center'><b>SKIPPED TESTS</b></td></tr>
<tr><td><b>Test method</b></td>
<td width="30%"><b>Exception</b></td>
<td width="10%"><b>Time (seconds)</b></td>
<td><b>Instance</b></td>
</tr>
<tr>
<td title='testcases.A3_UpdateStatus_option2.Update2()'><b>Update2</b><br>Test class: testcases.A3_UpdateStatus_option2<br/>
<a href="#Output-788048067" onClick='toggleBox("Output-788048067", this, "Show output", "Hide output");'>Show output</a>

<a href="#Output-788048067" onClick="toggleAllBoxes();">Show all outputs</a>
<div class='log' id="Output-788048067">
Lead posted and thank you message is display<br/>
LCF to Dashboard navgation is succesful<br/>
</div>
</td>
<td><div><pre>org.openqa.selenium.TimeoutException: Timed out after 25 seconds waiting for visibility of element located by By.xpath: //a[text()=&apos;Matched Experts&apos;]/following::button[1]
Build info: version: &apos;2.53.0&apos;, revision: &apos;35ae25b&apos;, time: &apos;2016-03-15 16:57:40&apos;
System info: host: &apos;AIO-2107&apos;, ip: &apos;192.168.1.105&apos;, os.name: &apos;Windows 10&apos;, os.arch: &apos;amd64&apos;, os.version: &apos;10.0&apos;, java.version: &apos;1.8.0_131&apos;
Driver info: org.openqa.selenium.chrome.ChromeDriver
Capabilities [{applicationCacheEnabled=false, rotatable=false, mobileEmulationEnabled=false, networkConnectionEnabled=false, chrome={chromedriverVersion=2.29.461591 (62ebf098771772160f391d75e589dc567915b233), userDataDir=C:\WINDOWS\TEMP\scoped_dir13564_16373}, takesHeapSnapshot=true, pageLoadStrategy=normal, databaseEnabled=false, handlesAlerts=true, hasTouchScreen=false, version=58.0.3029.110, platform=XP, browserConnectionEnabled=false, nativeEvents=true, acceptSslCerts=true, locationContextEnabled=true, webStorageEnabled=true, browserName=chrome, takesScreenshot=true, javascriptEnabled=true, cssSelectorsEnabled=true, unexpectedAlertBehaviour=}]
Session ID: dd1bebb360b3ffe39c1c8d14a0b3c05c
	at org.openqa.selenium.support.ui.WebDriverWait.timeoutException(WebDriverWait.java:80)
	at org.openqa.selenium.support.ui.FluentWait.until(FluentWait.java:261)
	at testcases.A3_UpdateStatus_option2.Update2(A3_UpdateStatus_option2.java:38)
	at runner.Rerunfailcase.retestfailcase(Rerunfailcase.java:22)
... Removed 44 stack frames</pre></div><a href='#' onClick='toggleBox("stack-trace788048067", this, "Click to show all stack frames", "Click to hide stack frames")'>Click to show all stack frames</a>
<div class='stack-trace' id='stack-trace788048067'><pre>org.openqa.selenium.TimeoutException: Timed out after 25 seconds waiting for visibility of element located by By.xpath: //a[text()=&apos;Matched Experts&apos;]/following::button[1]
Build info: version: &apos;2.53.0&apos;, revision: &apos;35ae25b&apos;, time: &apos;2016-03-15 16:57:40&apos;
System info: host: &apos;AIO-2107&apos;, ip: &apos;192.168.1.105&apos;, os.name: &apos;Windows 10&apos;, os.arch: &apos;amd64&apos;, os.version: &apos;10.0&apos;, java.version: &apos;1.8.0_131&apos;
Driver info: org.openqa.selenium.chrome.ChromeDriver
Capabilities [{applicationCacheEnabled=false, rotatable=false, mobileEmulationEnabled=false, networkConnectionEnabled=false, chrome={chromedriverVersion=2.29.461591 (62ebf098771772160f391d75e589dc567915b233), userDataDir=C:\WINDOWS\TEMP\scoped_dir13564_16373}, takesHeapSnapshot=true, pageLoadStrategy=normal, databaseEnabled=false, handlesAlerts=true, hasTouchScreen=false, version=58.0.3029.110, platform=XP, browserConnectionEnabled=false, nativeEvents=true, acceptSslCerts=true, locationContextEnabled=true, webStorageEnabled=true, browserName=chrome, takesScreenshot=true, javascriptEnabled=true, cssSelectorsEnabled=true, unexpectedAlertBehaviour=}]
Session ID: dd1bebb360b3ffe39c1c8d14a0b3c05c
	at org.openqa.selenium.support.ui.WebDriverWait.timeoutException(WebDriverWait.java:80)
	at org.openqa.selenium.support.ui.FluentWait.until(FluentWait.java:261)
	at testcases.A3_UpdateStatus_option2.Update2(A3_UpdateStatus_option2.java:38)
	at sun.reflect.NativeMethodAccessorImpl.invoke0(Native Method)
	at sun.reflect.NativeMethodAccessorImpl.invoke(NativeMethodAccessorImpl.java:62)
	at sun.reflect.DelegatingMethodAccessorImpl.invoke(DelegatingMethodAccessorImpl.java:43)
	at java.lang.reflect.Method.invoke(Method.java:498)
	at org.testng.internal.MethodInvocationHelper.invokeMethod(MethodInvocationHelper.java:85)
	at org.testng.internal.Invoker.invokeMethod(Invoker.java:639)
	at org.testng.internal.Invoker.invokeTestMethod(Invoker.java:816)
	at org.testng.internal.Invoker.invokeTestMethods(Invoker.java:1124)
	at org.testng.internal.TestMethodWorker.invokeTestMethods(TestMethodWorker.java:125)
	at org.testng.internal.TestMethodWorker.run(TestMethodWorker.java:108)
	at org.testng.TestRunner.privateRun(TestRunner.java:774)
	at org.testng.TestRunner.run(TestRunner.java:624)
	at org.testng.SuiteRunner.runTest(SuiteRunner.java:359)
	at org.testng.SuiteRunner.runSequentially(SuiteRunner.java:354)
	at org.testng.SuiteRunner.privateRun(SuiteRunner.java:312)
	at org.testng.SuiteRunner.run(SuiteRunner.java:261)
	at org.testng.SuiteRunnerWorker.runSuite(SuiteRunnerWorker.java:52)
	at org.testng.SuiteRunnerWorker.run(SuiteRunnerWorker.java:86)
	at org.testng.TestNG.runSuitesSequentially(TestNG.java:1215)
	at org.testng.TestNG.runSuitesLocally(TestNG.java:1140)
	at org.testng.TestNG.run(TestNG.java:1048)
	at runner.Rerunfailcase.retestfailcase(Rerunfailcase.java:22)
	at sun.reflect.NativeMethodAccessorImpl.invoke0(Native Method)
	at sun.reflect.NativeMethodAccessorImpl.invoke(NativeMethodAccessorImpl.java:62)
	at sun.reflect.DelegatingMethodAccessorImpl.invoke(DelegatingMethodAccessorImpl.java:43)
	at java.lang.reflect.Method.invoke(Method.java:498)
	at org.testng.internal.MethodInvocationHelper.invokeMethod(MethodInvocationHelper.java:85)
	at org.testng.internal.Invoker.invokeMethod(Invoker.java:639)
	at org.testng.internal.Invoker.invokeTestMethod(Invoker.java:816)
	at org.testng.internal.Invoker.invokeTestMethods(Invoker.java:1124)
	at org.testng.internal.TestMethodWorker.invokeTestMethods(TestMethodWorker.java:125)
	at org.testng.internal.TestMethodWorker.run(TestMethodWorker.java:108)
	at org.testng.TestRunner.privateRun(TestRunner.java:774)
	at org.testng.TestRunner.run(TestRunner.java:624)
	at org.testng.SuiteRunner.runTest(SuiteRunner.java:359)
	at org.testng.SuiteRunner.runSequentially(SuiteRunner.java:354)
	at org.testng.SuiteRunner.privateRun(SuiteRunner.java:312)
	at org.testng.SuiteRunner.run(SuiteRunner.java:261)
	at org.testng.SuiteRunnerWorker.runSuite(SuiteRunnerWorker.java:52)
	at org.testng.SuiteRunnerWorker.run(SuiteRunnerWorker.java:86)
	at org.testng.TestNG.runSuitesSequentially(TestNG.java:1215)
	at org.testng.TestNG.runSuitesLocally(TestNG.java:1140)
	at org.testng.TestNG.run(TestNG.java:1048)
	at org.testng.TestNG.privateMain(TestNG.java:1355)
	at org.testng.TestNG.main(TestNG.java:1324)
</pre></div></td>
<td>49</td>
<td>testcases.A3_UpdateStatus_option2@38aa816f</td></tr>
<tr>
<td title='testcases.A3_UpdateStatus_option6thn7th.Update7n6()'><b>Update7n6</b><br>Test class: testcases.A3_UpdateStatus_option6thn7th<br/>
<a href="#Output-52451302" onClick='toggleBox("Output-52451302", this, "Show output", "Hide output");'>Show output</a>

<a href="#Output-52451302" onClick="toggleAllBoxes();">Show all outputs</a>
<div class='log' id="Output-52451302">
Lead posted and thank you message is display<br/>
LCF to Dashboard navgation is succesful<br/>
</div>
</td>
<td><div><pre>org.openqa.selenium.TimeoutException: Timed out after 25 seconds waiting for visibility of element located by By.xpath: //a[text()=&apos;Matched Experts&apos;]/following::button[1]
Build info: version: &apos;2.53.0&apos;, revision: &apos;35ae25b&apos;, time: &apos;2016-03-15 16:57:40&apos;
System info: host: &apos;AIO-2107&apos;, ip: &apos;192.168.1.105&apos;, os.name: &apos;Windows 10&apos;, os.arch: &apos;amd64&apos;, os.version: &apos;10.0&apos;, java.version: &apos;1.8.0_131&apos;
Driver info: org.openqa.selenium.chrome.ChromeDriver
Capabilities [{applicationCacheEnabled=false, rotatable=false, mobileEmulationEnabled=false, networkConnectionEnabled=false, chrome={chromedriverVersion=2.29.461591 (62ebf098771772160f391d75e589dc567915b233), userDataDir=C:\WINDOWS\TEMP\scoped_dir10296_29013}, takesHeapSnapshot=true, pageLoadStrategy=normal, databaseEnabled=false, handlesAlerts=true, hasTouchScreen=false, version=58.0.3029.110, platform=XP, browserConnectionEnabled=false, nativeEvents=true, acceptSslCerts=true, locationContextEnabled=true, webStorageEnabled=true, browserName=chrome, takesScreenshot=true, javascriptEnabled=true, cssSelectorsEnabled=true, unexpectedAlertBehaviour=}]
Session ID: b8e3ebc9a77581792768f13ea003da0e
	at org.openqa.selenium.support.ui.WebDriverWait.timeoutException(WebDriverWait.java:80)
	at org.openqa.selenium.support.ui.FluentWait.until(FluentWait.java:261)
	at testcases.A3_UpdateStatus_option6thn7th.Update7n6(A3_UpdateStatus_option6thn7th.java:41)
	at runner.Rerunfailcase.retestfailcase(Rerunfailcase.java:22)
... Removed 44 stack frames</pre></div><a href='#' onClick='toggleBox("stack-trace52451302", this, "Click to show all stack frames", "Click to hide stack frames")'>Click to show all stack frames</a>
<div class='stack-trace' id='stack-trace52451302'><pre>org.openqa.selenium.TimeoutException: Timed out after 25 seconds waiting for visibility of element located by By.xpath: //a[text()=&apos;Matched Experts&apos;]/following::button[1]
Build info: version: &apos;2.53.0&apos;, revision: &apos;35ae25b&apos;, time: &apos;2016-03-15 16:57:40&apos;
System info: host: &apos;AIO-2107&apos;, ip: &apos;192.168.1.105&apos;, os.name: &apos;Windows 10&apos;, os.arch: &apos;amd64&apos;, os.version: &apos;10.0&apos;, java.version: &apos;1.8.0_131&apos;
Driver info: org.openqa.selenium.chrome.ChromeDriver
Capabilities [{applicationCacheEnabled=false, rotatable=false, mobileEmulationEnabled=false, networkConnectionEnabled=false, chrome={chromedriverVersion=2.29.461591 (62ebf098771772160f391d75e589dc567915b233), userDataDir=C:\WINDOWS\TEMP\scoped_dir10296_29013}, takesHeapSnapshot=true, pageLoadStrategy=normal, databaseEnabled=false, handlesAlerts=true, hasTouchScreen=false, version=58.0.3029.110, platform=XP, browserConnectionEnabled=false, nativeEvents=true, acceptSslCerts=true, locationContextEnabled=true, webStorageEnabled=true, browserName=chrome, takesScreenshot=true, javascriptEnabled=true, cssSelectorsEnabled=true, unexpectedAlertBehaviour=}]
Session ID: b8e3ebc9a77581792768f13ea003da0e
	at org.openqa.selenium.support.ui.WebDriverWait.timeoutException(WebDriverWait.java:80)
	at org.openqa.selenium.support.ui.FluentWait.until(FluentWait.java:261)
	at testcases.A3_UpdateStatus_option6thn7th.Update7n6(A3_UpdateStatus_option6thn7th.java:41)
	at sun.reflect.NativeMethodAccessorImpl.invoke0(Native Method)
	at sun.reflect.NativeMethodAccessorImpl.invoke(NativeMethodAccessorImpl.java:62)
	at sun.reflect.DelegatingMethodAccessorImpl.invoke(DelegatingMethodAccessorImpl.java:43)
	at java.lang.reflect.Method.invoke(Method.java:498)
	at org.testng.internal.MethodInvocationHelper.invokeMethod(MethodInvocationHelper.java:85)
	at org.testng.internal.Invoker.invokeMethod(Invoker.java:639)
	at org.testng.internal.Invoker.invokeTestMethod(Invoker.java:816)
	at org.testng.internal.Invoker.invokeTestMethods(Invoker.java:1124)
	at org.testng.internal.TestMethodWorker.invokeTestMethods(TestMethodWorker.java:125)
	at org.testng.internal.TestMethodWorker.run(TestMethodWorker.java:108)
	at org.testng.TestRunner.privateRun(TestRunner.java:774)
	at org.testng.TestRunner.run(TestRunner.java:624)
	at org.testng.SuiteRunner.runTest(SuiteRunner.java:359)
	at org.testng.SuiteRunner.runSequentially(SuiteRunner.java:354)
	at org.testng.SuiteRunner.privateRun(SuiteRunner.java:312)
	at org.testng.SuiteRunner.run(SuiteRunner.java:261)
	at org.testng.SuiteRunnerWorker.runSuite(SuiteRunnerWorker.java:52)
	at org.testng.SuiteRunnerWorker.run(SuiteRunnerWorker.java:86)
	at org.testng.TestNG.runSuitesSequentially(TestNG.java:1215)
	at org.testng.TestNG.runSuitesLocally(TestNG.java:1140)
	at org.testng.TestNG.run(TestNG.java:1048)
	at runner.Rerunfailcase.retestfailcase(Rerunfailcase.java:22)
	at sun.reflect.NativeMethodAccessorImpl.invoke0(Native Method)
	at sun.reflect.NativeMethodAccessorImpl.invoke(NativeMethodAccessorImpl.java:62)
	at sun.reflect.DelegatingMethodAccessorImpl.invoke(DelegatingMethodAccessorImpl.java:43)
	at java.lang.reflect.Method.invoke(Method.java:498)
	at org.testng.internal.MethodInvocationHelper.invokeMethod(MethodInvocationHelper.java:85)
	at org.testng.internal.Invoker.invokeMethod(Invoker.java:639)
	at org.testng.internal.Invoker.invokeTestMethod(Invoker.java:816)
	at org.testng.internal.Invoker.invokeTestMethods(Invoker.java:1124)
	at org.testng.internal.TestMethodWorker.invokeTestMethods(TestMethodWorker.java:125)
	at org.testng.internal.TestMethodWorker.run(TestMethodWorker.java:108)
	at org.testng.TestRunner.privateRun(TestRunner.java:774)
	at org.testng.TestRunner.run(TestRunner.java:624)
	at org.testng.SuiteRunner.runTest(SuiteRunner.java:359)
	at org.testng.SuiteRunner.runSequentially(SuiteRunner.java:354)
	at org.testng.SuiteRunner.privateRun(SuiteRunner.java:312)
	at org.testng.SuiteRunner.run(SuiteRunner.java:261)
	at org.testng.SuiteRunnerWorker.runSuite(SuiteRunnerWorker.java:52)
	at org.testng.SuiteRunnerWorker.run(SuiteRunnerWorker.java:86)
	at org.testng.TestNG.runSuitesSequentially(TestNG.java:1215)
	at org.testng.TestNG.runSuitesLocally(TestNG.java:1140)
	at org.testng.TestNG.run(TestNG.java:1048)
	at org.testng.TestNG.privateMain(TestNG.java:1355)
	at org.testng.TestNG.main(TestNG.java:1324)
</pre></div></td>
<td>64</td>
<td>testcases.A3_UpdateStatus_option6thn7th@2f62ea70</td></tr>
</table><p>
</body>
</html>